<?xml version="1.0" encoding="UTF-8"?>
<testng-results skipped="0" failed="0" ignored="0" total="1" passed="1">
  <reporter-output>
  </reporter-output>
  <suite name="Default suite" duration-ms="2763" started-at="2018-11-04T17:48:48Z" finished-at="2018-11-04T17:48:51Z">
    <groups>
    </groups>
    <test name="Default test" duration-ms="2763" started-at="2018-11-04T17:48:48Z" finished-at="2018-11-04T17:48:51Z">
      <class name="com.test.postApiTest">
        <test-method status="PASS" signature="setuo()[pri:0, instance:com.test.postApiTest@2b98378d]" name="setuo" is-config="true" duration-ms="18" started-at="2018-11-04T17:48:49Z" finished-at="2018-11-04T17:48:49Z">
          <reporter-output>
          </reporter-output>
        </test-method> <!-- setuo -->
        <test-method status="PASS" signature="postApi()[pri:0, instance:com.test.postApiTest@2b98378d]" name="postApi" duration-ms="2680" started-at="2018-11-04T17:48:49Z" finished-at="2018-11-04T17:48:51Z">
          <reporter-output>
          </reporter-output>
        </test-method> <!-- postApi -->
      </class> <!-- com.test.postApiTest -->
    </test> <!-- Default test -->
  </suite> <!-- Default suite -->
</testng-results>
