<?xml version="1.0" encoding="UTF-8"?>
<testng-results skipped="0" failed="0" ignored="0" total="1" passed="1">
  <reporter-output>
  </reporter-output>
  <suite name="Default suite" duration-ms="2792" started-at="2018-11-14T14:45:10Z" finished-at="2018-11-14T14:45:13Z">
    <groups>
    </groups>
    <test name="Default test" duration-ms="2792" started-at="2018-11-14T14:45:10Z" finished-at="2018-11-14T14:45:13Z">
      <class name="com.test.postApiTest">
        <test-method status="PASS" signature="setuo()[pri:0, instance:com.test.postApiTest@2b98378d]" name="setuo" is-config="true" duration-ms="17" started-at="2018-11-14T14:45:10Z" finished-at="2018-11-14T14:45:10Z">
          <reporter-output>
          </reporter-output>
        </test-method> <!-- setuo -->
        <test-method status="PASS" signature="postApi()[pri:0, instance:com.test.postApiTest@2b98378d]" name="postApi" duration-ms="2716" started-at="2018-11-14T14:45:10Z" finished-at="2018-11-14T14:45:13Z">
          <reporter-output>
          </reporter-output>
        </test-method> <!-- postApi -->
      </class> <!-- com.test.postApiTest -->
    </test> <!-- Default test -->
  </suite> <!-- Default suite -->
</testng-results>
